android/app/build/outputs/logs/manifest-merger-debug-report.txt
-- Merging decision tree log ---
manifest
ADDED from src/main/AndroidManifest.xml:1:1-23:12
	package
		ADDED from src/main/AndroidManifest.xml:2:5-25
		INJECTED from src/main/AndroidManifest.xml
		INJECTED from src/main/AndroidManifest.xml
	android:versionName
		INJECTED from src/main/AndroidManifest.xml
		INJECTED from src/main/AndroidManifest.xml
	xmlns:android
		ADDED from src/main/AndroidManifest.xml:1:11-69
	android:versionCode
		INJECTED from src/main/AndroidManifest.xml
		INJECTED from src/main/AndroidManifest.xml
uses-permission#android.permission.INTERNET
ADDED from src/main/AndroidManifest.xml:4:5-67
MERGED from [newpay:react-native-paypal:unspecified] AndroidManifest.xml:11:5-67
MERGED from [com.paypal.sdk:paypal-android-sdk:2.13.0] AndroidManifest.xml:10:5-67
	android:name
		ADDED from src/main/AndroidManifest.xml:4:22-64
application
ADDED from src/main/AndroidManifest.xml:6:5-21:19
MERGED from [com.android.support:appcompat-v7:23.0.1] AndroidManifest.xml:22:5-20
MERGED from [com.android.support:support-v4:23.0.1] AndroidManifest.xml:22:5-20
MERGED from [com.facebook.react:react-native:0.23.1] AndroidManifest.xml:13:5-20
MERGED from [com.android.support:support-v4:23.0.1] AndroidManifest.xml:22:5-20
MERGED from [com.android.support:support-v4:23.0.1] AndroidManifest.xml:22:5-20
MERGED from [org.webkit:android-jsc:r174650] AndroidManifest.xml:2:3-17
MERGED from [com.android.support:support-v4:23.0.1] AndroidManifest.xml:22:5-20
MERGED from [com.android.support:support-v4:23.0.1] AndroidManifest.xml:22:5-20
MERGED from [com.android.support:appcompat-v7:23.0.1] AndroidManifest.xml:22:5-20
MERGED from [com.android.support:support-v4:23.0.1] AndroidManifest.xml:22:5-20
MERGED from [newpay:react-native-paypal:unspecified] AndroidManifest.xml:17:5-18:19
MERGED from [com.facebook.react:react-native:0.23.1] AndroidManifest.xml:13:5-20
MERGED from [com.android.support:support-v4:23.0.1] AndroidManifest.xml:22:5-20
MERGED from [com.android.support:support-v4:23.0.1] AndroidManifest.xml:22:5-20
MERGED from [org.webkit:android-jsc:r174650] AndroidManifest.xml:2:3-17
MERGED from [com.android.support:support-v4:23.0.1] AndroidManifest.xml:22:5-20
MERGED from [com.android.support:support-v4:23.0.1] AndroidManifest.xml:22:5-20
MERGED from [com.android.support:appcompat-v7:23.0.1] AndroidManifest.xml:22:5-20
MERGED from [com.android.support:support-v4:23.0.1] AndroidManifest.xml:22:5-20
MERGED from [com.paypal.sdk:paypal-android-sdk:2.13.0] AndroidManifest.xml:12:5-26:19
MERGED from [io.card:android-sdk:5.3.0] AndroidManifest.xml:21:5-26:19
	android:label
		ADDED from src/main/AndroidManifest.xml:8:7-39
	android:allowBackup
		ADDED from src/main/AndroidManifest.xml:7:7-33
	android:icon
		ADDED from src/main/AndroidManifest.xml:9:7-41
	android:theme
		ADDED from src/main/AndroidManifest.xml:10:7-38
activity#com.newpay.MainActivity
ADDED from src/main/AndroidManifest.xml:11:7-19:18
	android:label
		ADDED from src/main/AndroidManifest.xml:13:9-41
	android:configChanges
		ADDED from src/main/AndroidManifest.xml:14:9-79
	android:name
		ADDED from src/main/AndroidManifest.xml:12:9-37
intent-filter#android.intent.action.MAIN+android.intent.category.LAUNCHER
ADDED from src/main/AndroidManifest.xml:15:9-18:25
action#android.intent.action.MAIN
ADDED from src/main/AndroidManifest.xml:16:13-65
	android:name
		ADDED from src/main/AndroidManifest.xml:16:21-62
category#android.intent.category.LAUNCHER
ADDED from src/main/AndroidManifest.xml:17:13-73
	android:name
		ADDED from src/main/AndroidManifest.xml:17:23-70
activity#com.facebook.react.devsupport.DevSettingsActivity
ADDED from src/main/AndroidManifest.xml:20:7-84
	android:name
		ADDED from src/main/AndroidManifest.xml:20:17-81
uses-sdk
INJECTED from src/main/AndroidManifest.xml reason: use-sdk injection requested
MERGED from [com.android.support:appcompat-v7:23.0.1] AndroidManifest.xml:20:5-43
MERGED from [com.android.support:support-v4:23.0.1] AndroidManifest.xml:20:5-43
MERGED from [com.facebook.react:react-native:0.23.1] AndroidManifest.xml:7:5-9:41
MERGED from [com.facebook.fresco:fresco:0.8.1] AndroidManifest.xml:5:5-7:41
MERGED from [com.facebook.fresco:imagepipeline:0.8.1] AndroidManifest.xml:5:5-7:41
MERGED from [com.facebook.fresco:fbcore:0.8.1] AndroidManifest.xml:5:5-7:41
MERGED from [com.android.support:support-v4:23.0.1] AndroidManifest.xml:20:5-43
MERGED from [com.facebook.fresco:fbcore:0.8.1] AndroidManifest.xml:5:5-7:41
MERGED from [com.facebook.fresco:drawee:0.8.1] AndroidManifest.xml:5:5-7:41
MERGED from [com.facebook.fresco:fbcore:0.8.1] AndroidManifest.xml:5:5-7:41
MERGED from [com.android.support:support-v4:23.0.1] AndroidManifest.xml:20:5-43
MERGED from [com.facebook.fresco:imagepipeline-okhttp:0.8.1] AndroidManifest.xml:5:5-7:41
MERGED from [com.facebook.fresco:imagepipeline:0.8.1] AndroidManifest.xml:5:5-7:41
MERGED from [com.facebook.fresco:fbcore:0.8.1] AndroidManifest.xml:5:5-7:41
MERGED from [com.android.support:support-v4:23.0.1] AndroidManifest.xml:20:5-43
MERGED from [com.facebook.fresco:fbcore:0.8.1] AndroidManifest.xml:5:5-7:41
MERGED from [com.android.support:recyclerview-v7:23.0.1] AndroidManifest.xml:20:5-43
MERGED from [com.android.support:support-v4:23.0.1] AndroidManifest.xml:20:5-43
MERGED from [com.android.support:appcompat-v7:23.0.1] AndroidManifest.xml:20:5-43
MERGED from [com.android.support:support-v4:23.0.1] AndroidManifest.xml:20:5-43
MERGED from [newpay:react-native-paypal:unspecified] AndroidManifest.xml:7:5-9:41
MERGED from [com.facebook.react:react-native:0.23.1] AndroidManifest.xml:7:5-9:41
MERGED from [com.facebook.fresco:fresco:0.8.1] AndroidManifest.xml:5:5-7:41
MERGED from [com.facebook.fresco:imagepipeline:0.8.1] AndroidManifest.xml:5:5-7:41
MERGED from [com.facebook.fresco:fbcore:0.8.1] AndroidManifest.xml:5:5-7:41
MERGED from [com.android.support:support-v4:23.0.1] AndroidManifest.xml:20:5-43
MERGED from [com.facebook.fresco:fbcore:0.8.1] AndroidManifest.xml:5:5-7:41
MERGED from [com.facebook.fresco:drawee:0.8.1] AndroidManifest.xml:5:5-7:41
MERGED from [com.facebook.fresco:fbcore:0.8.1] AndroidManifest.xml:5:5-7:41
MERGED from [com.android.support:support-v4:23.0.1] AndroidManifest.xml:20:5-43
MERGED from [com.facebook.fresco:imagepipeline-okhttp:0.8.1] AndroidManifest.xml:5:5-7:41
MERGED from [com.facebook.fresco:imagepipeline:0.8.1] AndroidManifest.xml:5:5-7:41
MERGED from [com.facebook.fresco:fbcore:0.8.1] AndroidManifest.xml:5:5-7:41
MERGED from [com.android.support:support-v4:23.0.1] AndroidManifest.xml:20:5-43
MERGED from [com.facebook.fresco:fbcore:0.8.1] AndroidManifest.xml:5:5-7:41
MERGED from [com.android.support:recyclerview-v7:23.0.1] AndroidManifest.xml:20:5-43
MERGED from [com.android.support:support-v4:23.0.1] AndroidManifest.xml:20:5-43
MERGED from [com.android.support:appcompat-v7:23.0.1] AndroidManifest.xml:20:5-43
MERGED from [com.android.support:support-v4:23.0.1] AndroidManifest.xml:20:5-43
MERGED from [com.paypal.sdk:paypal-android-sdk:2.13.0] AndroidManifest.xml:5:5-7:41
MERGED from [io.card:android-sdk:5.3.0] AndroidManifest.xml:7:5-9:41
	android:targetSdkVersion
		INJECTED from src/main/AndroidManifest.xml
		INJECTED from src/main/AndroidManifest.xml
	android:minSdkVersion
		INJECTED from src/main/AndroidManifest.xml
		INJECTED from src/main/AndroidManifest.xml
uses-permission#android.permission.SYSTEM_ALERT_WINDOW
ADDED from [com.facebook.react:react-native:0.23.1] AndroidManifest.xml:11:5-78
MERGED from [com.facebook.react:react-native:0.23.1] AndroidManifest.xml:11:5-78
	android:name
		ADDED from [com.facebook.react:react-native:0.23.1] AndroidManifest.xml:11:22-75
android:uses-permission#android.permission.WRITE_EXTERNAL_STORAGE
IMPLIED from src/main/AndroidManifest.xml:1:1-23:12 reason: org.webkit.android_jsc has a targetSdkVersion < 4
android:uses-permission#android.permission.READ_PHONE_STATE
IMPLIED from src/main/AndroidManifest.xml:1:1-23:12 reason: org.webkit.android_jsc has a targetSdkVersion < 4
android:uses-permission#android.permission.READ_EXTERNAL_STORAGE
IMPLIED from src/main/AndroidManifest.xml:1:1-23:12 reason: org.webkit.android_jsc requested WRITE_EXTERNAL_STORAGE
uses-permission#android.permission.CAMERA
ADDED from [newpay:react-native-paypal:unspecified] AndroidManifest.xml:12:5-65
MERGED from [io.card:android-sdk:5.3.0] AndroidManifest.xml:11:5-65
	android:name
		ADDED from [newpay:react-native-paypal:unspecified] AndroidManifest.xml:12:22-62
uses-feature#android.hardware.camera
ADDED from [newpay:react-native-paypal:unspecified] AndroidManifest.xml:14:5-60
MERGED from [io.card:android-sdk:5.3.0] AndroidManifest.xml:14:5-16:36
	android:name
		ADDED from [newpay:react-native-paypal:unspecified] AndroidManifest.xml:14:19-57
uses-feature#android.hardware.camera.autofocus
ADDED from [newpay:react-native-paypal:unspecified] AndroidManifest.xml:15:5-70
MERGED from [io.card:android-sdk:5.3.0] AndroidManifest.xml:17:5-19:36
	android:name
		ADDED from [newpay:react-native-paypal:unspecified] AndroidManifest.xml:15:19-67
uses-permission#android.permission.ACCESS_NETWORK_STATE
ADDED from [com.paypal.sdk:paypal-android-sdk:2.13.0] AndroidManifest.xml:9:5-79
	android:name
		ADDED from [com.paypal.sdk:paypal-android-sdk:2.13.0] AndroidManifest.xml:9:22-76
activity#com.paypal.android.sdk.payments.PaymentActivity
ADDED from [com.paypal.sdk:paypal-android-sdk:2.13.0] AndroidManifest.xml:13:9-84
	android:name
		ADDED from [com.paypal.sdk:paypal-android-sdk:2.13.0] AndroidManifest.xml:13:19-81
activity#com.paypal.android.sdk.payments.PaymentMethodActivity
ADDED from [com.paypal.sdk:paypal-android-sdk:2.13.0] AndroidManifest.xml:14:9-90
	android:name
		ADDED from [com.paypal.sdk:paypal-android-sdk:2.13.0] AndroidManifest.xml:14:19-87
activity#com.paypal.android.sdk.payments.PaymentConfirmActivity
ADDED from [com.paypal.sdk:paypal-android-sdk:2.13.0] AndroidManifest.xml:15:9-91
	android:name
		ADDED from [com.paypal.sdk:paypal-android-sdk:2.13.0] AndroidManifest.xml:15:19-88
activity#com.paypal.android.sdk.payments.LoginActivity
ADDED from [com.paypal.sdk:paypal-android-sdk:2.13.0] AndroidManifest.xml:16:9-82
	android:name
		ADDED from [com.paypal.sdk:paypal-android-sdk:2.13.0] AndroidManifest.xml:16:19-79
activity#com.paypal.android.sdk.payments.PayPalFuturePaymentActivity
ADDED from [com.paypal.sdk:paypal-android-sdk:2.13.0] AndroidManifest.xml:17:9-96
	android:name
		ADDED from [com.paypal.sdk:paypal-android-sdk:2.13.0] AndroidManifest.xml:17:19-93
activity#com.paypal.android.sdk.payments.FuturePaymentConsentActivity
ADDED from [com.paypal.sdk:paypal-android-sdk:2.13.0] AndroidManifest.xml:18:9-97
	android:name
		ADDED from [com.paypal.sdk:paypal-android-sdk:2.13.0] AndroidManifest.xml:18:19-94
activity#com.paypal.android.sdk.payments.FuturePaymentInfoActivity
ADDED from [com.paypal.sdk:paypal-android-sdk:2.13.0] AndroidManifest.xml:19:9-94
	android:name
		ADDED from [com.paypal.sdk:paypal-android-sdk:2.13.0] AndroidManifest.xml:19:19-91
activity#com.paypal.android.sdk.payments.PayPalProfileSharingActivity
ADDED from [com.paypal.sdk:paypal-android-sdk:2.13.0] AndroidManifest.xml:20:9-97
	android:name
		ADDED from [com.paypal.sdk:paypal-android-sdk:2.13.0] AndroidManifest.xml:20:19-94
activity#com.paypal.android.sdk.payments.ProfileSharingConsentActivity
ADDED from [com.paypal.sdk:paypal-android-sdk:2.13.0] AndroidManifest.xml:21:9-98
	android:name
		ADDED from [com.paypal.sdk:paypal-android-sdk:2.13.0] AndroidManifest.xml:21:19-95
service#com.paypal.android.sdk.payments.PayPalService
ADDED from [com.paypal.sdk:paypal-android-sdk:2.13.0] AndroidManifest.xml:23:9-25:40
	android:exported
		ADDED from [com.paypal.sdk:paypal-android-sdk:2.13.0] AndroidManifest.xml:25:13-37
	android:name
		ADDED from [com.paypal.sdk:paypal-android-sdk:2.13.0] AndroidManifest.xml:24:13-73
uses-permission#android.permission.VIBRATE
ADDED from [io.card:android-sdk:5.3.0] AndroidManifest.xml:12:5-66
	android:name
		ADDED from [io.card:android-sdk:5.3.0] AndroidManifest.xml:12:22-63
activity#io.card.payment.CardIOActivity
ADDED from [io.card:android-sdk:5.3.0] AndroidManifest.xml:22:9-24:66
	android:configChanges
		ADDED from [io.card:android-sdk:5.3.0] AndroidManifest.xml:24:13-63
	android:name
		ADDED from [io.card:android-sdk:5.3.0] AndroidManifest.xml:23:13-58
activity#io.card.payment.DataEntryActivity
ADDED from [io.card:android-sdk:5.3.0] AndroidManifest.xml:25:9-70
	android:name
		ADDED from [io.card:android-sdk:5.3.0] AndroidManifest.xml:25:19-67